<?xml version="1.0" encoding="UTF-8"?>
<testng-results ignored="1" total="5" passed="4" failed="0" skipped="0">
  <reporter-output>
  </reporter-output>
  <suite started-at="2022-05-02T18:13:17 IST" name="Suite" finished-at="2022-05-02T18:15:21 IST" duration-ms="123879">
    <groups>
      <group name="Smoke">
        <method signature="HomePageTest.verifyOrderHistory()[pri:0, instance:com.testcases.HomePageTest@609e8838]" name="verifyOrderHistory" class="com.testcases.HomePageTest"/>
        <method signature="HomePageTest.verifyWhishList()[pri:0, instance:com.testcases.HomePageTest@609e8838]" name="verifyWhishList" class="com.testcases.HomePageTest"/>
        <method signature="Indexpagetest.verifyTitle()[pri:0, instance:com.testcases.Indexpagetest@7c37508a]" name="verifyTitle" class="com.testcases.Indexpagetest"/>
        <method signature="Indexpagetest.verifylogo()[pri:0, instance:com.testcases.Indexpagetest@7c37508a]" name="verifylogo" class="com.testcases.Indexpagetest"/>
      </group> <!-- Smoke -->
    </groups>
    <test started-at="2022-05-02T18:13:17 IST" name="Test" finished-at="2022-05-02T18:15:21 IST" duration-ms="123879">
      <class name="com.testcases.HomePageTest">
        <test-method is-config="true" signature="browsersetup(java.lang.String,org.testng.ITestResult,org.testng.ITestContext)[pri:0, instance:com.testcases.HomePageTest@609e8838]" started-at="2022-05-02T18:14:36 IST" name="browsersetup" finished-at="2022-05-02T18:14:49 IST" duration-ms="12819" status="PASS">
          <params>
            <param index="0">
              <value>
                <![CDATA[Chrome]]>
              </value>
            </param>
            <param index="1">
              <value>
                <![CDATA[[TestResult name={null} status=CREATED method=HomePageTest.verifyOrderHistory()[pri:0, instance:com.testcases.HomePageTest@609e8838] output={null}]]]>
              </value>
            </param>
            <param index="2">
              <value>
                <![CDATA[org.testng.TestRunner@5db3d57c]]>
              </value>
            </param>
          </params>
          <reporter-output>
          </reporter-output>
        </test-method> <!-- browsersetup -->
        <test-method signature="verifyOrderHistory()[pri:0, instance:com.testcases.HomePageTest@609e8838]" started-at="2022-05-02T18:14:49 IST" name="verifyOrderHistory" finished-at="2022-05-02T18:15:00 IST" duration-ms="10562" status="PASS">
          <reporter-output>
          </reporter-output>
        </test-method> <!-- verifyOrderHistory -->
        <test-method is-config="true" signature="tearDown()[pri:0, instance:com.testcases.HomePageTest@609e8838]" started-at="2022-05-02T18:15:00 IST" name="tearDown" finished-at="2022-05-02T18:15:00 IST" duration-ms="644" status="PASS">
          <reporter-output>
          </reporter-output>
        </test-method> <!-- tearDown -->
        <test-method is-config="true" signature="browsersetup(java.lang.String,org.testng.ITestResult,org.testng.ITestContext)[pri:0, instance:com.testcases.HomePageTest@609e8838]" started-at="2022-05-02T18:15:00 IST" name="browsersetup" finished-at="2022-05-02T18:15:13 IST" duration-ms="12605" status="PASS">
          <params>
            <param index="0">
              <value>
                <![CDATA[Chrome]]>
              </value>
            </param>
            <param index="1">
              <value>
                <![CDATA[[TestResult name={null} status=CREATED method=HomePageTest.verifyWhishList()[pri:0, instance:com.testcases.HomePageTest@609e8838] output={null}]]]>
              </value>
            </param>
            <param index="2">
              <value>
                <![CDATA[org.testng.TestRunner@5db3d57c]]>
              </value>
            </param>
          </params>
          <reporter-output>
          </reporter-output>
        </test-method> <!-- browsersetup -->
        <test-method signature="verifyWhishList()[pri:0, instance:com.testcases.HomePageTest@609e8838]" started-at="2022-05-02T18:15:13 IST" name="verifyWhishList" finished-at="2022-05-02T18:15:20 IST" duration-ms="7099" status="PASS">
          <reporter-output>
          </reporter-output>
        </test-method> <!-- verifyWhishList -->
        <test-method is-config="true" signature="tearDown()[pri:0, instance:com.testcases.HomePageTest@609e8838]" started-at="2022-05-02T18:15:20 IST" name="tearDown" finished-at="2022-05-02T18:15:21 IST" duration-ms="669" status="PASS">
          <reporter-output>
          </reporter-output>
        </test-method> <!-- tearDown -->
      </class> <!-- com.testcases.HomePageTest -->
      <class name="com.testcases.Indexpagetest">
        <test-method is-config="true" signature="loadConfig(org.testng.ITestContext)[pri:0, instance:com.testcases.Indexpagetest@7c37508a]" started-at="2022-05-02T18:13:16 IST" name="loadConfig" finished-at="2022-05-02T18:13:17 IST" duration-ms="1178" status="PASS">
          <params>
            <param index="0">
              <value>
                <![CDATA[org.testng.TestRunner@5db3d57c]]>
              </value>
            </param>
          </params>
          <reporter-output>
          </reporter-output>
        </test-method> <!-- loadConfig -->
        <test-method is-config="true" signature="browsersetup(java.lang.String,org.testng.ITestResult,org.testng.ITestContext)[pri:0, instance:com.testcases.Indexpagetest@7c37508a]" started-at="2022-05-02T18:13:17 IST" name="browsersetup" finished-at="2022-05-02T18:14:11 IST" duration-ms="54448" status="PASS">
          <params>
            <param index="0">
              <value>
                <![CDATA[Chrome]]>
              </value>
            </param>
            <param index="1">
              <value>
                <![CDATA[[TestResult name={null} status=CREATED method=Indexpagetest.verifyTitle()[pri:0, instance:com.testcases.Indexpagetest@7c37508a] output={null}]]]>
              </value>
            </param>
            <param index="2">
              <value>
                <![CDATA[org.testng.TestRunner@5db3d57c]]>
              </value>
            </param>
          </params>
          <reporter-output>
          </reporter-output>
        </test-method> <!-- browsersetup -->
        <test-method signature="verifyTitle()[pri:0, instance:com.testcases.Indexpagetest@7c37508a]" started-at="2022-05-02T18:14:11 IST" name="verifyTitle" finished-at="2022-05-02T18:14:12 IST" duration-ms="1117" status="PASS">
          <reporter-output>
          </reporter-output>
        </test-method> <!-- verifyTitle -->
        <test-method is-config="true" signature="tearDown()[pri:0, instance:com.testcases.Indexpagetest@7c37508a]" started-at="2022-05-02T18:14:12 IST" name="tearDown" finished-at="2022-05-02T18:14:14 IST" duration-ms="1090" status="PASS">
          <reporter-output>
          </reporter-output>
        </test-method> <!-- tearDown -->
        <test-method is-config="true" signature="browsersetup(java.lang.String,org.testng.ITestResult,org.testng.ITestContext)[pri:0, instance:com.testcases.Indexpagetest@7c37508a]" started-at="2022-05-02T18:14:14 IST" name="browsersetup" finished-at="2022-05-02T18:14:34 IST" duration-ms="20664" status="PASS">
          <params>
            <param index="0">
              <value>
                <![CDATA[Chrome]]>
              </value>
            </param>
            <param index="1">
              <value>
                <![CDATA[[TestResult name={null} status=CREATED method=Indexpagetest.verifylogo()[pri:0, instance:com.testcases.Indexpagetest@7c37508a] output={null}]]]>
              </value>
            </param>
            <param index="2">
              <value>
                <![CDATA[org.testng.TestRunner@5db3d57c]]>
              </value>
            </param>
          </params>
          <reporter-output>
          </reporter-output>
        </test-method> <!-- browsersetup -->
        <test-method signature="verifylogo()[pri:0, instance:com.testcases.Indexpagetest@7c37508a]" started-at="2022-05-02T18:14:34 IST" name="verifylogo" finished-at="2022-05-02T18:14:35 IST" duration-ms="820" status="PASS">
          <reporter-output>
          </reporter-output>
        </test-method> <!-- verifylogo -->
        <test-method is-config="true" signature="tearDown()[pri:0, instance:com.testcases.Indexpagetest@7c37508a]" started-at="2022-05-02T18:14:35 IST" name="tearDown" finished-at="2022-05-02T18:14:36 IST" duration-ms="1248" status="PASS">
          <reporter-output>
          </reporter-output>
        </test-method> <!-- tearDown -->
      </class> <!-- com.testcases.Indexpagetest -->
    </test> <!-- Test -->
  </suite> <!-- Suite -->
</testng-results>
