<?xml version="1.0" encoding="UTF-8"?>
<!-- Generated by org.testng.reporters.JUnitXMLReporter -->
<testsuite ignored="15" hostname="AHS-LP-181" failures="0" tests="6" name="Test" time="114.704" errors="0" timestamp="2022-05-05T19:42:07 IST">
  <testcase classname="com.testcases.Indexpagetest" name="verifyTitle" time="0.057"/>
  <testcase classname="com.testcases.Indexpagetest" name="verifylogo" time="0.693"/>
  <testcase classname="com.testcases.HomePageTest" name="verifyOrderHistory" time="14.003"/>
  <testcase classname="com.testcases.HomePageTest" name="verifyWhishList" time="13.633"/>
  <testcase classname="com.testcases.SearchResultsTest" name="verifySearchProduct" time="9.183"/>
  <testcase classname="com.testcases.LoginPageTest" name="login" time="20.623"/>
  <testcase classname="com.testcases.OrderPageTest" name="verifyOrderPage" time="0.0">
    <ignored/>
  </testcase> <!-- verifyOrderPage -->
  <testcase classname="com.baseclass.Base" name="@BeforeSuite loadConfig" time="0.0">
    <ignored/>
  </testcase> <!-- @BeforeSuite loadConfig -->
  <testcase classname="com.baseclass.Base" name="@BeforeSuite loadConfig" time="0.0">
    <ignored/>
  </testcase> <!-- @BeforeSuite loadConfig -->
  <testcase classname="com.baseclass.Base" name="@BeforeSuite loadConfig" time="0.0">
    <ignored/>
  </testcase> <!-- @BeforeSuite loadConfig -->
  <testcase classname="com.baseclass.Base" name="@BeforeSuite loadConfig" time="0.0">
    <ignored/>
  </testcase> <!-- @BeforeSuite loadConfig -->
  <testcase classname="com.baseclass.Base" name="@BeforeSuite loadConfig" time="0.0">
    <ignored/>
  </testcase> <!-- @BeforeSuite loadConfig -->
  <testcase classname="com.baseclass.Base" name="@BeforeSuite loadConfig" time="0.0">
    <ignored/>
  </testcase> <!-- @BeforeSuite loadConfig -->
  <testcase classname="com.testcases.AddtoCarttest" name="verifyAddTocart" time="0.0">
    <ignored/>
  </testcase> <!-- verifyAddTocart -->
  <testcase classname="com.testcases.EndtoEndTest" name="endToendTest" time="0.0">
    <ignored/>
  </testcase> <!-- endToendTest -->
  <testcase classname="com.baseclass.Base" name="@AfterSuite generateReports" time="0.0">
    <ignored/>
  </testcase> <!-- @AfterSuite generateReports -->
  <testcase classname="com.baseclass.Base" name="@AfterSuite generateReports" time="0.0">
    <ignored/>
  </testcase> <!-- @AfterSuite generateReports -->
  <testcase classname="com.baseclass.Base" name="@AfterSuite generateReports" time="0.0">
    <ignored/>
  </testcase> <!-- @AfterSuite generateReports -->
  <testcase classname="com.baseclass.Base" name="@AfterSuite generateReports" time="0.0">
    <ignored/>
  </testcase> <!-- @AfterSuite generateReports -->
  <testcase classname="com.baseclass.Base" name="@AfterSuite generateReports" time="0.0">
    <ignored/>
  </testcase> <!-- @AfterSuite generateReports -->
  <testcase classname="com.baseclass.Base" name="@AfterSuite generateReports" time="0.0">
    <ignored/>
  </testcase> <!-- @AfterSuite generateReports -->
</testsuite> <!-- Test -->
